{"meta": {"version": "7.3.4", "timestamp": "2024-01-25T11:24:57.196786", "branch_coverage": false, "show_contexts": false}, "files": {"common/__init__.py": {"executed_lines": [0], "summary": {"covered_lines": 0, "num_statements": 0, "percent_covered": 100.0, "percent_covered_display": "100", "missing_lines": 0, "excluded_lines": 0}, "missing_lines": [], "excluded_lines": []}, "common/admin.py": {"executed_lines": [1], "summary": {"covered_lines": 1, "num_statements": 1, "percent_covered": 100.0, "percent_covered_display": "100", "missing_lines": 0, "excluded_lines": 0}, "missing_lines": [], "excluded_lines": []}, "common/apps.py": {"executed_lines": [1, 4, 5, 6], "summary": {"covered_lines": 4, "num_statements": 4, "percent_covered": 100.0, "percent_covered_display": "100", "missing_lines": 0, "excluded_lines": 0}, "missing_lines": [], "excluded_lines": []}, "common/authentication.py": {"executed_lines": [1, 2, 3, 4, 5, 6, 7, 8, 11, 12, 15, 16, 17, 18, 19, 20, 21, 22, 23, 24, 25, 26, 29, 74, 82, 114, 115, 118, 133, 134, 135, 141], "summary": {"covered_lines": 32, "num_statements": 50, "percent_covered": 64.0, "percent_covered_display": "64", "missing_lines": 18, "excluded_lines": 0}, "missing_lines": [43, 44, 45, 46, 48, 49, 55, 62, 63, 67, 68, 69, 70, 71, 136, 137, 138, 139], "excluded_lines": []}, "common/configs/ConfigParser.py": {"executed_lines": [1, 2, 6, 9, 10, 11, 12, 14, 15, 18, 19, 20, 21, 22, 24, 26, 27, 28, 30, 31, 40, 46], "summary": {"covered_lines": 22, "num_statements": 32, "percent_covered": 68.75, "percent_covered_display": "69", "missing_lines": 10, "excluded_lines": 0}, "missing_lines": [16, 33, 34, 36, 42, 43, 47, 49, 50, 53], "excluded_lines": []}, "common/configs/__init__.py": {"executed_lines": [1], "summary": {"covered_lines": 1, "num_statements": 1, "percent_covered": 100.0, "percent_covered_display": "100", "missing_lines": 0, "excluded_lines": 0}, "missing_lines": [], "excluded_lines": []}, "common/exceptions/BaseCustomExceptions.py": {"executed_lines": [1, 2, 3, 4, 5, 8, 9, 10, 11, 13, 20, 21, 22, 23, 24, 26, 31, 32, 35, 37, 39, 52], "summary": {"covered_lines": 22, "num_statements": 36, "percent_covered": 61.111111111111114, "percent_covered_display": "61", "missing_lines": 14, "excluded_lines": 0}, "missing_lines": [27, 28, 29, 33, 36, 40, 41, 43, 44, 46, 47, 49, 50, 53], "excluded_lines": []}, "common/exceptions/ExceptionHandler.py": {"executed_lines": [1, 4, 5, 6, 7, 12, 13], "summary": {"covered_lines": 7, "num_statements": 7, "percent_covered": 100.0, "percent_covered_display": "100", "missing_lines": 0, "excluded_lines": 0}, "missing_lines": [], "excluded_lines": []}, "common/exceptions/Exceptions.py": {"executed_lines": [1, 2, 5, 6, 7, 10, 11, 12, 15, 16, 17, 20, 21, 22, 25, 26, 27], "summary": {"covered_lines": 17, "num_statements": 17, "percent_covered": 100.0, "percent_covered_display": "100", "missing_lines": 0, "excluded_lines": 0}, "missing_lines": [], "excluded_lines": []}, "common/exceptions/__init__.py": {"executed_lines": [1, 2], "summary": {"covered_lines": 2, "num_statements": 2, "percent_covered": 100.0, "percent_covered_display": "100", "missing_lines": 0, "excluded_lines": 0}, "missing_lines": [], "excluded_lines": []}, "common/http/HttpClient.py": {"executed_lines": [1, 4], "summary": {"covered_lines": 2, "num_statements": 4, "percent_covered": 50.0, "percent_covered_display": "50", "missing_lines": 2, "excluded_lines": 0}, "missing_lines": [5, 6], "excluded_lines": []}, "common/http/HttpStatus.py": {"executed_lines": [1, 2, 5, 6, 8, 9, 10, 13, 14, 15, 16, 19, 20, 21, 22, 23, 24, 25, 26, 27, 28, 31, 32, 33, 34, 35, 36, 37, 38, 39, 42, 43, 44, 45, 46, 47, 48, 49, 50, 51, 52, 53, 54, 55, 56, 57, 58, 59, 60, 61, 62, 63, 64, 65, 66, 67, 68, 69, 72, 73, 74, 75, 76, 77, 78, 79, 80, 81, 82, 84], "summary": {"covered_lines": 70, "num_statements": 71, "percent_covered": 98.59154929577464, "percent_covered_display": "99", "missing_lines": 1, "excluded_lines": 0}, "missing_lines": [94], "excluded_lines": []}, "common/http/__init__.py": {"executed_lines": [1, 2], "summary": {"covered_lines": 2, "num_statements": 2, "percent_covered": 100.0, "percent_covered_display": "100", "missing_lines": 0, "excluded_lines": 0}, "missing_lines": [], "excluded_lines": []}, "common/logging/__init__.py": {"executed_lines": [1, 2], "summary": {"covered_lines": 2, "num_statements": 2, "percent_covered": 100.0, "percent_covered_display": "100", "missing_lines": 0, "excluded_lines": 0}, "missing_lines": [], "excluded_lines": []}, "common/logging/logger.py": {"executed_lines": [1, 2, 3, 4, 7, 17, 18, 19, 22, 24, 26, 27, 28, 30, 31, 32, 34, 37], "summary": {"covered_lines": 18, "num_statements": 18, "percent_covered": 100.0, "percent_covered_display": "100", "missing_lines": 0, "excluded_lines": 0}, "missing_lines": [], "excluded_lines": []}, "common/logging/ntfy.py": {"executed_lines": [1, 2, 3, 6], "summary": {"covered_lines": 4, "num_statements": 8, "percent_covered": 50.0, "percent_covered_display": "50", "missing_lines": 4, "excluded_lines": 0}, "missing_lines": [7, 8, 9, 10], "excluded_lines": []}, "common/middlewares.py": {"executed_lines": [1, 2, 3, 6, 7, 8, 9, 11, 12, 13, 14, 15], "summary": {"covered_lines": 12, "num_statements": 12, "percent_covered": 100.0, "percent_covered_display": "100", "missing_lines": 0, "excluded_lines": 0}, "missing_lines": [], "excluded_lines": []}, "common/models.py": {"executed_lines": [1, 2, 3, 6, 7, 8, 11, 12, 13, 14, 15, 16, 18, 19, 20, 22, 23, 25, 26, 27, 29, 33, 34, 35, 36, 37, 38, 39], "summary": {"covered_lines": 28, "num_statements": 30, "percent_covered": 93.33333333333333, "percent_covered_display": "93", "missing_lines": 2, "excluded_lines": 0}, "missing_lines": [30, 31], "excluded_lines": []}, "common/permissions.py": {"executed_lines": [1, 2, 5, 6, 7, 11, 12, 13, 15, 16, 19, 20, 23, 27, 28, 31, 35, 36, 39, 43, 44, 47], "summary": {"covered_lines": 22, "num_statements": 31, "percent_covered": 70.96774193548387, "percent_covered_display": "71", "missing_lines": 9, "excluded_lines": 0}, "missing_lines": [8, 21, 24, 29, 32, 37, 40, 45, 48], "excluded_lines": []}, "common/serializers.py": {"executed_lines": [1, 4, 5, 7, 8, 9, 10, 12, 13, 14], "summary": {"covered_lines": 10, "num_statements": 10, "percent_covered": 100.0, "percent_covered_display": "100", "missing_lines": 0, "excluded_lines": 0}, "missing_lines": [], "excluded_lines": []}, "common/tests/test_common_app.py": {"executed_lines": [1, 2, 5, 6, 7, 10, 11], "summary": {"covered_lines": 7, "num_statements": 9, "percent_covered": 77.77777777777777, "percent_covered_display": "78", "missing_lines": 2, "excluded_lines": 0}, "missing_lines": [12, 13], "excluded_lines": []}, "common/urls.py": {"executed_lines": [1, 2, 5], "summary": {"covered_lines": 3, "num_statements": 3, "percent_covered": 100.0, "percent_covered_display": "100", "missing_lines": 0, "excluded_lines": 0}, "missing_lines": [], "excluded_lines": []}, "common/utils/CommonMethods.py": {"executed_lines": [1, 2, 3, 4, 5, 6, 7, 8, 11, 12, 13, 15, 16, 23, 24, 31, 32, 43, 46, 49, 81, 84, 87, 102, 124, 139, 151, 152, 153, 154], "summary": {"covered_lines": 30, "num_statements": 95, "percent_covered": 31.57894736842105, "percent_covered_display": "32", "missing_lines": 65, "excluded_lines": 0}, "missing_lines": [17, 18, 19, 20, 21, 25, 26, 27, 28, 29, 33, 34, 35, 36, 37, 38, 39, 40, 41, 44, 47, 50, 51, 52, 53, 54, 55, 60, 63, 64, 66, 67, 68, 69, 74, 79, 82, 85, 88, 89, 90, 98, 99, 100, 103, 104, 105, 106, 107, 108, 109, 110, 112, 122, 125, 126, 127, 128, 132, 134, 136, 140, 146, 147, 148], "excluded_lines": []}, "common/utils/Pagination.py": {"executed_lines": [1, 2, 3, 6, 7, 10, 11, 12, 13, 14], "summary": {"covered_lines": 10, "num_statements": 10, "percent_covered": 100.0, "percent_covered_display": "100", "missing_lines": 0, "excluded_lines": 0}, "missing_lines": [], "excluded_lines": []}, "common/utils/Responses.py": {"executed_lines": [1, 4, 5, 6, 9, 10], "summary": {"covered_lines": 6, "num_statements": 8, "percent_covered": 75.0, "percent_covered_display": "75", "missing_lines": 2, "excluded_lines": 0}, "missing_lines": [7, 11], "excluded_lines": []}, "common/utils/__init__.py": {"executed_lines": [1, 2, 9], "summary": {"covered_lines": 3, "num_statements": 3, "percent_covered": 100.0, "percent_covered_display": "100", "missing_lines": 0, "excluded_lines": 0}, "missing_lines": [], "excluded_lines": []}, "common/views.py": {"executed_lines": [1, 2, 3, 6, 10, 11], "summary": {"covered_lines": 6, "num_statements": 8, "percent_covered": 75.0, "percent_covered_display": "75", "missing_lines": 2, "excluded_lines": 0}, "missing_lines": [7, 12], "excluded_lines": []}, "conftest.py": {"executed_lines": [1, 2, 3, 4, 7, 8, 13, 14, 15, 16, 19, 20, 28, 29, 31, 34, 35, 36, 37, 38, 39, 42, 43, 44, 47, 48, 52], "summary": {"covered_lines": 27, "num_statements": 27, "percent_covered": 100.0, "percent_covered_display": "100", "missing_lines": 0, "excluded_lines": 0}, "missing_lines": [], "excluded_lines": []}, "core/DBRouter.py": {"executed_lines": [1, 4, 5, 6, 8, 9, 10, 11, 13, 14, 15, 16, 18, 19, 23, 24, 26, 29, 30, 31, 34, 35, 36, 39, 40, 41, 44, 45, 46], "summary": {"covered_lines": 29, "num_statements": 29, "percent_covered": 100.0, "percent_covered_display": "100", "missing_lines": 0, "excluded_lines": 0}, "missing_lines": [], "excluded_lines": []}, "core/__init__.py": {"executed_lines": [1], "summary": {"covered_lines": 1, "num_statements": 1, "percent_covered": 100.0, "percent_covered_display": "100", "missing_lines": 0, "excluded_lines": 0}, "missing_lines": [], "excluded_lines": []}, "core/asgi.py": {"executed_lines": [], "summary": {"covered_lines": 0, "num_statements": 4, "percent_covered": 0.0, "percent_covered_display": "0", "missing_lines": 4, "excluded_lines": 0}, "missing_lines": [10, 12, 14, 16], "excluded_lines": []}, "core/panel.py": {"executed_lines": [1, 3], "summary": {"covered_lines": 2, "num_statements": 2, "percent_covered": 100.0, "percent_covered_display": "100", "missing_lines": 0, "excluded_lines": 0}, "missing_lines": [], "excluded_lines": []}, "core/settings.py": {"executed_lines": [1, 2, 3, 4, 6, 8, 10, 12, 14, 16, 37, 50, 52, 54, 70, 72, 95, 101, 103, 106, 121, 123, 125, 127, 129, 130, 132], "summary": {"covered_lines": 27, "num_statements": 27, "percent_covered": 100.0, "percent_covered_display": "100", "missing_lines": 0, "excluded_lines": 0}, "missing_lines": [], "excluded_lines": []}, "core/urls.py": {"executed_lines": [1, 2, 3, 5, 6, 7, 10, 23], "summary": {"covered_lines": 8, "num_statements": 8, "percent_covered": 100.0, "percent_covered_display": "100", "missing_lines": 0, "excluded_lines": 0}, "missing_lines": [], "excluded_lines": []}, "core/wsgi.py": {"executed_lines": [], "summary": {"covered_lines": 0, "num_statements": 4, "percent_covered": 0.0, "percent_covered_display": "0", "missing_lines": 4, "excluded_lines": 0}, "missing_lines": [10, 12, 14, 16], "excluded_lines": []}, "dummy/__init__.py": {"executed_lines": [0], "summary": {"covered_lines": 0, "num_statements": 0, "percent_covered": 100.0, "percent_covered_display": "100", "missing_lines": 0, "excluded_lines": 0}, "missing_lines": [], "excluded_lines": []}, "dummy/admin.py": {"executed_lines": [1, 2, 5, 7], "summary": {"covered_lines": 4, "num_statements": 4, "percent_covered": 100.0, "percent_covered_display": "100", "missing_lines": 0, "excluded_lines": 0}, "missing_lines": [], "excluded_lines": []}, "dummy/apps.py": {"executed_lines": [1, 4, 5, 6], "summary": {"covered_lines": 4, "num_statements": 4, "percent_covered": 100.0, "percent_covered_display": "100", "missing_lines": 0, "excluded_lines": 0}, "missing_lines": [], "excluded_lines": []}, "dummy/filters/AuthorFilter.py": {"executed_lines": [1, 2, 5, 6, 7, 9, 10, 11], "summary": {"covered_lines": 8, "num_statements": 8, "percent_covered": 100.0, "percent_covered_display": "100", "missing_lines": 0, "excluded_lines": 0}, "missing_lines": [], "excluded_lines": []}, "dummy/filters/BookFilter.py": {"executed_lines": [1, 2, 3, 6, 7, 8, 9, 11, 12, 13], "summary": {"covered_lines": 10, "num_statements": 10, "percent_covered": 100.0, "percent_covered_display": "100", "missing_lines": 0, "excluded_lines": 0}, "missing_lines": [], "excluded_lines": []}, "dummy/filters/SortFilter.py": {"executed_lines": [1, 4, 5, 6, 7, 8, 9], "summary": {"covered_lines": 7, "num_statements": 7, "percent_covered": 100.0, "percent_covered_display": "100", "missing_lines": 0, "excluded_lines": 0}, "missing_lines": [], "excluded_lines": []}, "dummy/filters/__init__.py": {"executed_lines": [1, 2, 3], "summary": {"covered_lines": 3, "num_statements": 3, "percent_covered": 100.0, "percent_covered_display": "100", "missing_lines": 0, "excluded_lines": 0}, "missing_lines": [], "excluded_lines": []}, "dummy/migrations/0001_initial.py": {"executed_lines": [3, 4, 5, 8, 10, 12, 15], "summary": {"covered_lines": 7, "num_statements": 7, "percent_covered": 100.0, "percent_covered_display": "100", "missing_lines": 0, "excluded_lines": 0}, "missing_lines": [], "excluded_lines": []}, "dummy/migrations/__init__.py": {"executed_lines": [0], "summary": {"covered_lines": 0, "num_statements": 0, "percent_covered": 100.0, "percent_covered_display": "100", "missing_lines": 0, "excluded_lines": 0}, "missing_lines": [], "excluded_lines": []}, "dummy/models/AuthorModel.py": {"executed_lines": [1, 2, 3, 6, 7, 8, 10, 11, 13, 14], "summary": {"covered_lines": 10, "num_statements": 10, "percent_covered": 100.0, "percent_covered_display": "100", "missing_lines": 0, "excluded_lines": 0}, "missing_lines": [], "excluded_lines": []}, "dummy/models/BookModel.py": {"executed_lines": [1, 2, 3, 4, 7, 8, 9, 10, 11, 13, 14, 16, 17], "summary": {"covered_lines": 13, "num_statements": 13, "percent_covered": 100.0, "percent_covered_display": "100", "missing_lines": 0, "excluded_lines": 0}, "missing_lines": [], "excluded_lines": []}, "dummy/models/__init__.py": {"executed_lines": [1, 2], "summary": {"covered_lines": 2, "num_statements": 2, "percent_covered": 100.0, "percent_covered_display": "100", "missing_lines": 0, "excluded_lines": 0}, "missing_lines": [], "excluded_lines": []}, "dummy/routes.py": {"executed_lines": [1, 2, 4, 5, 6], "summary": {"covered_lines": 5, "num_statements": 5, "percent_covered": 100.0, "percent_covered_display": "100", "missing_lines": 0, "excluded_lines": 0}, "missing_lines": [], "excluded_lines": []}, "dummy/serializers/AuthorSerializer.py": {"executed_lines": [1, 2, 5, 6, 7, 8], "summary": {"covered_lines": 6, "num_statements": 6, "percent_covered": 100.0, "percent_covered_display": "100", "missing_lines": 0, "excluded_lines": 0}, "missing_lines": [], "excluded_lines": []}, "dummy/serializers/BookSerializer.py": {"executed_lines": [1, 2, 3, 6, 7, 9, 10, 11], "summary": {"covered_lines": 8, "num_statements": 8, "percent_covered": 100.0, "percent_covered_display": "100", "missing_lines": 0, "excluded_lines": 0}, "missing_lines": [], "excluded_lines": []}, "dummy/serializers/__init__.py": {"executed_lines": [1, 2], "summary": {"covered_lines": 2, "num_statements": 2, "percent_covered": 100.0, "percent_covered_display": "100", "missing_lines": 0, "excluded_lines": 0}, "missing_lines": [], "excluded_lines": []}, "dummy/tests/test_author/test_author.py": {"executed_lines": [1, 2, 3, 6, 7, 8, 9, 16, 19, 20, 21, 23, 33, 34, 35, 38, 39, 40, 42, 43, 44, 47, 48, 49, 50, 51, 54, 55, 56, 59, 60, 61, 77, 84, 86, 87, 88, 89, 91, 98, 101, 102, 103, 106, 107, 112, 115, 116, 117, 119, 126, 129, 130, 131, 134, 135, 140, 143, 144, 145, 147, 154, 157, 158, 159, 162, 163, 166, 167], "summary": {"covered_lines": 69, "num_statements": 77, "percent_covered": 89.6103896103896, "percent_covered_display": "90", "missing_lines": 8, "excluded_lines": 0}, "missing_lines": [64, 65, 68, 69, 70, 73, 74, 75], "excluded_lines": []}, "dummy/tests/test_book/test_book.py": {"executed_lines": [1, 2, 3, 6, 7, 8, 9, 16, 17, 22, 23, 24, 25, 27, 37, 38, 39, 42, 43, 44, 45, 46, 48, 49, 50, 53, 54, 55, 56, 57, 58, 61, 62, 63, 66, 67, 70, 71, 72, 75, 76, 77, 79, 86, 87, 91, 92, 93, 95, 102, 103, 108, 109, 110, 113, 114, 119, 122, 123, 124, 126, 133, 134, 139, 140, 141, 144, 145, 150, 153, 154, 155, 157, 164, 165, 170, 171, 172, 175, 176, 179, 180], "summary": {"covered_lines": 82, "num_statements": 82, "percent_covered": 100.0, "percent_covered_display": "100", "missing_lines": 0, "excluded_lines": 0}, "missing_lines": [], "excluded_lines": []}, "dummy/urls.py": {"executed_lines": [1, 2, 5], "summary": {"covered_lines": 3, "num_statements": 3, "percent_covered": 100.0, "percent_covered_display": "100", "missing_lines": 0, "excluded_lines": 0}, "missing_lines": [], "excluded_lines": []}, "dummy/views/AuthorView.py": {"executed_lines": [1, 2, 3, 4, 5, 6, 7, 10, 11, 15, 16, 17, 18, 19, 20, 21], "summary": {"covered_lines": 15, "num_statements": 15, "percent_covered": 100.0, "percent_covered_display": "100", "missing_lines": 0, "excluded_lines": 0}, "missing_lines": [], "excluded_lines": []}, "dummy/views/BookView.py": {"executed_lines": [1, 2, 3, 4, 5, 6, 7, 8, 11, 12, 16, 17, 18, 19, 20, 21, 22, 24, 25, 27, 28, 29, 30, 32, 33, 34], "summary": {"covered_lines": 25, "num_statements": 25, "percent_covered": 100.0, "percent_covered_display": "100", "missing_lines": 0, "excluded_lines": 0}, "missing_lines": [], "excluded_lines": []}, "dummy/views/__init__.py": {"executed_lines": [1, 2], "summary": {"covered_lines": 2, "num_statements": 2, "percent_covered": 100.0, "percent_covered_display": "100", "missing_lines": 0, "excluded_lines": 0}, "missing_lines": [], "excluded_lines": []}, "index/__init__.py": {"executed_lines": [0], "summary": {"covered_lines": 0, "num_statements": 0, "percent_covered": 100.0, "percent_covered_display": "100", "missing_lines": 0, "excluded_lines": 0}, "missing_lines": [], "excluded_lines": []}, "index/admin.py": {"executed_lines": [1], "summary": {"covered_lines": 1, "num_statements": 1, "percent_covered": 100.0, "percent_covered_display": "100", "missing_lines": 0, "excluded_lines": 0}, "missing_lines": [], "excluded_lines": []}, "index/apps.py": {"executed_lines": [1, 4, 5, 6], "summary": {"covered_lines": 4, "num_statements": 4, "percent_covered": 100.0, "percent_covered_display": "100", "missing_lines": 0, "excluded_lines": 0}, "missing_lines": [], "excluded_lines": []}, "index/forms.py": {"executed_lines": [1, 2, 3, 4, 5, 8, 9, 22, 23, 24, 25, 26, 27, 30, 31, 38, 39, 40, 42, 66, 67, 68], "summary": {"covered_lines": 22, "num_statements": 42, "percent_covered": 52.38095238095238, "percent_covered_display": "52", "missing_lines": 20, "excluded_lines": 0}, "missing_lines": [10, 11, 12, 13, 15, 18, 19, 43, 44, 45, 46, 47, 51, 52, 53, 54, 58, 59, 60, 61], "excluded_lines": []}, "index/models.py": {"executed_lines": [0], "summary": {"covered_lines": 0, "num_statements": 0, "percent_covered": 100.0, "percent_covered_display": "100", "missing_lines": 0, "excluded_lines": 0}, "missing_lines": [], "excluded_lines": []}, "index/tests.py": {"executed_lines": [1], "summary": {"covered_lines": 1, "num_statements": 1, "percent_covered": 100.0, "percent_covered_display": "100", "missing_lines": 0, "excluded_lines": 0}, "missing_lines": [], "excluded_lines": []}, "index/tests/test_index_app.py": {"executed_lines": [1, 2, 3, 4, 5, 8, 9, 10, 11, 13, 14, 16, 17, 18, 19, 21, 22, 23, 24, 26, 27, 28, 29, 31, 32, 33, 35, 36, 37, 38, 39, 41, 42, 43, 44, 46, 47, 48, 49], "summary": {"covered_lines": 39, "num_statements": 39, "percent_covered": 100.0, "percent_covered_display": "100", "missing_lines": 0, "excluded_lines": 0}, "missing_lines": [], "excluded_lines": []}, "index/urls.py": {"executed_lines": [1, 2, 3, 6], "summary": {"covered_lines": 4, "num_statements": 4, "percent_covered": 100.0, "percent_covered_display": "100", "missing_lines": 0, "excluded_lines": 0}, "missing_lines": [], "excluded_lines": []}, "index/views.py": {"executed_lines": [1, 2, 3, 4, 5, 6, 7, 9, 17, 18, 19, 22, 23, 24, 26, 27, 28, 29, 30, 31, 32, 33, 34, 36, 38, 40, 43, 44, 45, 46, 47, 50, 51, 52, 53, 55, 70, 71, 72, 73, 75, 76, 77, 79], "summary": {"covered_lines": 44, "num_statements": 56, "percent_covered": 78.57142857142857, "percent_covered_display": "79", "missing_lines": 12, "excluded_lines": 0}, "missing_lines": [56, 57, 58, 59, 60, 61, 62, 63, 64, 66, 67, 80], "excluded_lines": []}, "manage.py": {"executed_lines": [], "summary": {"covered_lines": 0, "num_statements": 12, "percent_covered": 0.0, "percent_covered_display": "0", "missing_lines": 12, "excluded_lines": 0}, "missing_lines": [2, 3, 4, 7, 9, 10, 11, 12, 13, 18, 21, 22], "excluded_lines": []}, "rpm_service/__init__.py": {"executed_lines": [0], "summary": {"covered_lines": 0, "num_statements": 0, "percent_covered": 100.0, "percent_covered_display": "100", "missing_lines": 0, "excluded_lines": 0}, "missing_lines": [], "excluded_lines": []}, "rpm_service/admin.py": {"executed_lines": [1, 2, 5, 7, 8, 9], "summary": {"covered_lines": 6, "num_statements": 6, "percent_covered": 100.0, "percent_covered_display": "100", "missing_lines": 0, "excluded_lines": 0}, "missing_lines": [], "excluded_lines": []}, "rpm_service/apps.py": {"executed_lines": [1, 4, 5, 6, 7], "summary": {"covered_lines": 5, "num_statements": 5, "percent_covered": 100.0, "percent_covered_display": "100", "missing_lines": 0, "excluded_lines": 0}, "missing_lines": [], "excluded_lines": []}, "rpm_service/filters/AlertType.py": {"executed_lines": [1, 4, 5], "summary": {"covered_lines": 3, "num_statements": 4, "percent_covered": 75.0, "percent_covered_display": "75", "missing_lines": 1, "excluded_lines": 0}, "missing_lines": [6], "excluded_lines": []}, "rpm_service/filters/SortFilter.py": {"executed_lines": [1, 4, 5], "summary": {"covered_lines": 3, "num_statements": 7, "percent_covered": 42.857142857142854, "percent_covered_display": "43", "missing_lines": 4, "excluded_lines": 0}, "missing_lines": [6, 7, 8, 9], "excluded_lines": []}, "rpm_service/filters/__init__.py": {"executed_lines": [1, 3], "summary": {"covered_lines": 2, "num_statements": 2, "percent_covered": 100.0, "percent_covered_display": "100", "missing_lines": 0, "excluded_lines": 0}, "missing_lines": [], "excluded_lines": []}, "rpm_service/migrations/0001_initial.py": {"executed_lines": [3, 4, 5, 8, 9, 11, 13], "summary": {"covered_lines": 7, "num_statements": 7, "percent_covered": 100.0, "percent_covered_display": "100", "missing_lines": 0, "excluded_lines": 0}, "missing_lines": [], "excluded_lines": []}, "rpm_service/migrations/0002_deviceassignmentmodel.py": {"executed_lines": [3, 4, 5, 8, 9, 13], "summary": {"covered_lines": 6, "num_statements": 6, "percent_covered": 100.0, "percent_covered_display": "100", "missing_lines": 0, "excluded_lines": 0}, "missing_lines": [], "excluded_lines": []}, "rpm_service/migrations/0003_alter_devicemodel_buy_cost_and_more.py": {"executed_lines": [3, 6, 7, 11], "summary": {"covered_lines": 4, "num_statements": 4, "percent_covered": 100.0, "percent_covered_display": "100", "missing_lines": 0, "excluded_lines": 0}, "missing_lines": [], "excluded_lines": []}, "rpm_service/migrations/0004_alter_deviceimeimodel_cost_and_more.py": {"executed_lines": [3, 4, 7, 8, 12], "summary": {"covered_lines": 5, "num_statements": 5, "percent_covered": 100.0, "percent_covered_display": "100", "missing_lines": 0, "excluded_lines": 0}, "missing_lines": [], "excluded_lines": []}, "rpm_service/migrations/0005_alter_devicemodel_device_provider_id.py": {"executed_lines": [3, 4, 7, 8, 12], "summary": {"covered_lines": 5, "num_statements": 5, "percent_covered": 100.0, "percent_covered_display": "100", "missing_lines": 0, "excluded_lines": 0}, "missing_lines": [], "excluded_lines": []}, "rpm_service/migrations/0006_alter_devicemodel_organization_id.py": {"executed_lines": [3, 6, 7, 11], "summary": {"covered_lines": 4, "num_statements": 4, "percent_covered": 100.0, "percent_covered_display": "100", "missing_lines": 0, "excluded_lines": 0}, "missing_lines": [], "excluded_lines": []}, "rpm_service/migrations/0007_diseasedevicemodel.py": {"executed_lines": [3, 4, 5, 8, 9, 13], "summary": {"covered_lines": 6, "num_statements": 6, "percent_covered": 100.0, "percent_covered_display": "100", "missing_lines": 0, "excluded_lines": 0}, "missing_lines": [], "excluded_lines": []}, "rpm_service/migrations/0008_alter_diseasemodel_organization_id.py": {"executed_lines": [3, 6, 7, 11], "summary": {"covered_lines": 4, "num_statements": 4, "percent_covered": 100.0, "percent_covered_display": "100", "missing_lines": 0, "excluded_lines": 0}, "missing_lines": [], "excluded_lines": []}, "rpm_service/migrations/__init__.py": {"executed_lines": [0], "summary": {"covered_lines": 0, "num_statements": 0, "percent_covered": 100.0, "percent_covered_display": "100", "missing_lines": 0, "excluded_lines": 0}, "missing_lines": [], "excluded_lines": []}, "rpm_service/models/Address.py": {"executed_lines": [1, 2, 5, 6, 7, 8, 9, 11, 12, 14], "summary": {"covered_lines": 10, "num_statements": 11, "percent_covered": 90.9090909090909, "percent_covered_display": "91", "missing_lines": 1, "excluded_lines": 0}, "missing_lines": [15], "excluded_lines": []}, "rpm_service/models/AlertType.py": {"executed_lines": [1, 2, 4, 5, 6, 7, 9, 10, 12], "summary": {"covered_lines": 9, "num_statements": 10, "percent_covered": 90.0, "percent_covered_display": "90", "missing_lines": 1, "excluded_lines": 0}, "missing_lines": [13], "excluded_lines": []}, "rpm_service/models/ConnectivityType.py": {"executed_lines": [1, 2, 4, 5, 6, 8, 9, 11], "summary": {"covered_lines": 8, "num_statements": 9, "percent_covered": 88.88888888888889, "percent_covered_display": "89", "missing_lines": 1, "excluded_lines": 0}, "missing_lines": [12], "excluded_lines": []}, "rpm_service/models/Device.py": {"executed_lines": [1, 2, 4, 6, 7, 8, 9, 10, 11, 12, 13, 14, 15, 16, 17, 18, 19, 20, 22, 23, 25], "summary": {"covered_lines": 21, "num_statements": 22, "percent_covered": 95.45454545454545, "percent_covered_display": "95", "missing_lines": 1, "excluded_lines": 0}, "missing_lines": [26], "excluded_lines": []}, "rpm_service/models/DeviceAssignment.py": {"executed_lines": [1, 2, 4, 6, 7, 8, 9, 10, 11, 13, 14, 16], "summary": {"covered_lines": 12, "num_statements": 13, "percent_covered": 92.3076923076923, "percent_covered_display": "92", "missing_lines": 1, "excluded_lines": 0}, "missing_lines": [17], "excluded_lines": []}, "rpm_service/models/DeviceImei.py": {"executed_lines": [1, 2, 4, 7, 8, 9, 10, 11, 13, 14, 16], "summary": {"covered_lines": 11, "num_statements": 12, "percent_covered": 91.66666666666667, "percent_covered_display": "92", "missing_lines": 1, "excluded_lines": 0}, "missing_lines": [17], "excluded_lines": []}, "rpm_service/models/DeviceProvider.py": {"executed_lines": [1, 2, 4, 5, 6, 8, 9, 11], "summary": {"covered_lines": 8, "num_statements": 9, "percent_covered": 88.88888888888889, "percent_covered_display": "89", "missing_lines": 1, "excluded_lines": 0}, "missing_lines": [12], "excluded_lines": []}, "rpm_service/models/DeviceVital.py": {"executed_lines": [2, 3, 5, 7, 8, 9, 10, 11, 13, 14, 16], "summary": {"covered_lines": 11, "num_statements": 12, "percent_covered": 91.66666666666667, "percent_covered_display": "92", "missing_lines": 1, "excluded_lines": 0}, "missing_lines": [17], "excluded_lines": []}, "rpm_service/models/Disease.py": {"executed_lines": [1, 2, 4, 5, 6, 7, 8, 10, 11, 13], "summary": {"covered_lines": 10, "num_statements": 11, "percent_covered": 90.9090909090909, "percent_covered_display": "91", "missing_lines": 1, "excluded_lines": 0}, "missing_lines": [14], "excluded_lines": []}, "rpm_service/models/DiseaseDevice.py": {"executed_lines": [1, 2, 4, 6, 7, 8, 10, 11, 13], "summary": {"covered_lines": 9, "num_statements": 10, "percent_covered": 90.0, "percent_covered_display": "90", "missing_lines": 1, "excluded_lines": 0}, "missing_lines": [14], "excluded_lines": []}, "rpm_service/models/Enum.py": {"executed_lines": [1, 2, 4, 5, 6, 7, 9, 10, 12], "summary": {"covered_lines": 9, "num_statements": 10, "percent_covered": 90.0, "percent_covered_display": "90", "missing_lines": 1, "excluded_lines": 0}, "missing_lines": [13], "excluded_lines": []}, "rpm_service/models/Monitoring.py": {"executed_lines": [1, 2, 4, 5, 6, 7, 8, 10, 11, 13], "summary": {"covered_lines": 10, "num_statements": 11, "percent_covered": 90.9090909090909, "percent_covered_display": "91", "missing_lines": 1, "excluded_lines": 0}, "missing_lines": [14], "excluded_lines": []}, "rpm_service/models/Package.py": {"executed_lines": [1, 2, 4, 6, 7, 8, 9, 10, 11, 12, 13, 14, 15, 16, 17, 19, 20, 22], "summary": {"covered_lines": 18, "num_statements": 19, "percent_covered": 94.73684210526316, "percent_covered_display": "95", "missing_lines": 1, "excluded_lines": 0}, "missing_lines": [23], "excluded_lines": []}, "rpm_service/models/RPMBill.py": {"executed_lines": [1, 2, 4, 6, 7, 8, 9, 11, 12, 14], "summary": {"covered_lines": 10, "num_statements": 11, "percent_covered": 90.9090909090909, "percent_covered_display": "91", "missing_lines": 1, "excluded_lines": 0}, "missing_lines": [15], "excluded_lines": []}, "rpm_service/models/RPMRequest.py": {"executed_lines": [1, 2, 4, 7, 8, 9, 10, 11, 12, 13, 14, 15, 16, 18, 19, 21], "summary": {"covered_lines": 16, "num_statements": 17, "percent_covered": 94.11764705882354, "percent_covered_display": "94", "missing_lines": 1, "excluded_lines": 0}, "missing_lines": [22], "excluded_lines": []}, "rpm_service/models/RequestDevice.py": {"executed_lines": [1, 2, 4, 6, 7, 8, 9, 10, 11, 13, 14, 16], "summary": {"covered_lines": 12, "num_statements": 13, "percent_covered": 92.3076923076923, "percent_covered_display": "92", "missing_lines": 1, "excluded_lines": 0}, "missing_lines": [17], "excluded_lines": []}, "rpm_service/models/RequestMonitoringStatus.py": {"executed_lines": [1, 2, 4, 7, 8, 9, 10, 12, 13, 15], "summary": {"covered_lines": 10, "num_statements": 11, "percent_covered": 90.9090909090909, "percent_covered_display": "91", "missing_lines": 1, "excluded_lines": 0}, "missing_lines": [16], "excluded_lines": []}, "rpm_service/models/RequestPackage.py": {"executed_lines": [1, 2, 4, 6, 7, 8, 10, 11, 13], "summary": {"covered_lines": 9, "num_statements": 10, "percent_covered": 90.0, "percent_covered_display": "90", "missing_lines": 1, "excluded_lines": 0}, "missing_lines": [14], "excluded_lines": []}, "rpm_service/models/RequestProvider.py": {"executed_lines": [1, 2, 4, 6, 7, 8, 9, 10, 11, 12, 13, 15, 16, 18], "summary": {"covered_lines": 14, "num_statements": 15, "percent_covered": 93.33333333333333, "percent_covered_display": "93", "missing_lines": 1, "excluded_lines": 0}, "missing_lines": [19], "excluded_lines": []}, "rpm_service/models/RequestResponse.py": {"executed_lines": [1, 2, 4, 6, 7, 8, 9, 10, 12, 13, 14, 16, 17, 19], "summary": {"covered_lines": 14, "num_statements": 15, "percent_covered": 93.33333333333333, "percent_covered_display": "93", "missing_lines": 1, "excluded_lines": 0}, "missing_lines": [20], "excluded_lines": []}, "rpm_service/models/ResponseDevice.py": {"executed_lines": [1, 2, 4, 7, 8, 9, 11, 12, 14], "summary": {"covered_lines": 9, "num_statements": 10, "percent_covered": 90.0, "percent_covered_display": "90", "missing_lines": 1, "excluded_lines": 0}, "missing_lines": [15], "excluded_lines": []}, "rpm_service/models/Threshold.py": {"executed_lines": [1, 2, 4, 6, 7, 8, 9, 10, 11, 12, 13, 14, 16, 17, 19], "summary": {"covered_lines": 15, "num_statements": 16, "percent_covered": 93.75, "percent_covered_display": "94", "missing_lines": 1, "excluded_lines": 0}, "missing_lines": [20], "excluded_lines": []}, "rpm_service/models/Vital.py": {"executed_lines": [1, 2, 4, 6, 7, 8, 9, 10, 11, 12, 13, 15, 16, 18], "summary": {"covered_lines": 14, "num_statements": 15, "percent_covered": 93.33333333333333, "percent_covered_display": "93", "missing_lines": 1, "excluded_lines": 0}, "missing_lines": [19], "excluded_lines": []}, "rpm_service/models/VitalReading.py": {"executed_lines": [1, 2, 4, 7, 8, 9, 10, 11, 12, 13, 14, 15, 17, 18, 20], "summary": {"covered_lines": 15, "num_statements": 16, "percent_covered": 93.75, "percent_covered_display": "94", "missing_lines": 1, "excluded_lines": 0}, "missing_lines": [21], "excluded_lines": []}, "rpm_service/models/VitalReadingAlert.py": {"executed_lines": [1, 2, 4, 6, 7, 8, 9, 11, 12, 14], "summary": {"covered_lines": 10, "num_statements": 11, "percent_covered": 90.9090909090909, "percent_covered_display": "91", "missing_lines": 1, "excluded_lines": 0}, "missing_lines": [15], "excluded_lines": []}, "rpm_service/models/VitalRules.py": {"executed_lines": [1, 2, 4, 6, 7, 8, 9, 10, 11, 12, 13, 15, 16, 18], "summary": {"covered_lines": 14, "num_statements": 15, "percent_covered": 93.33333333333333, "percent_covered_display": "93", "missing_lines": 1, "excluded_lines": 0}, "missing_lines": [19], "excluded_lines": []}, "rpm_service/models/__init__.py": {"executed_lines": [1, 2, 3, 4, 5, 8, 9, 10, 11, 16, 19, 20, 21, 22, 23, 24, 25, 26, 27, 28, 29, 30, 31, 32, 33, 34], "summary": {"covered_lines": 26, "num_statements": 26, "percent_covered": 100.0, "percent_covered_display": "100", "missing_lines": 0, "excluded_lines": 0}, "missing_lines": [], "excluded_lines": []}, "rpm_service/routes.py": {"executed_lines": [1, 3, 10, 12, 17, 22, 28, 33, 38, 43, 48, 53, 58], "summary": {"covered_lines": 13, "num_statements": 13, "percent_covered": 100.0, "percent_covered_display": "100", "missing_lines": 0, "excluded_lines": 0}, "missing_lines": [], "excluded_lines": []}, "rpm_service/scripts/__init__.py": {"executed_lines": [], "summary": {"covered_lines": 0, "num_statements": 0, "percent_covered": 100.0, "percent_covered_display": "100", "missing_lines": 0, "excluded_lines": 0}, "missing_lines": [], "excluded_lines": []}, "rpm_service/scripts/run.py": {"executed_lines": [], "summary": {"covered_lines": 0, "num_statements": 10, "percent_covered": 0.0, "percent_covered_display": "0", "missing_lines": 10, "excluded_lines": 0}, "missing_lines": [1, 2, 3, 4, 5, 7, 8, 19, 20, 21], "excluded_lines": []}, "rpm_service/serializers/AlertType.py": {"executed_lines": [2, 3, 5, 6, 7, 8], "summary": {"covered_lines": 6, "num_statements": 6, "percent_covered": 100.0, "percent_covered_display": "100", "missing_lines": 0, "excluded_lines": 0}, "missing_lines": [], "excluded_lines": []}, "rpm_service/serializers/ConnectivityType.py": {"executed_lines": [2, 3, 5, 6, 7, 8], "summary": {"covered_lines": 6, "num_statements": 6, "percent_covered": 100.0, "percent_covered_display": "100", "missing_lines": 0, "excluded_lines": 0}, "missing_lines": [], "excluded_lines": []}, "rpm_service/serializers/Device.py": {"executed_lines": [2, 3, 5, 6, 7, 8, 24], "summary": {"covered_lines": 7, "num_statements": 7, "percent_covered": 100.0, "percent_covered_display": "100", "missing_lines": 0, "excluded_lines": 0}, "missing_lines": [], "excluded_lines": []}, "rpm_service/serializers/DeviceAssignment.py": {"executed_lines": [2, 3, 5, 6, 7, 8], "summary": {"covered_lines": 6, "num_statements": 6, "percent_covered": 100.0, "percent_covered_display": "100", "missing_lines": 0, "excluded_lines": 0}, "missing_lines": [], "excluded_lines": []}, "rpm_service/serializers/DeviceImei.py": {"executed_lines": [1, 2, 5, 6, 8, 9, 10, 12], "summary": {"covered_lines": 8, "num_statements": 9, "percent_covered": 88.88888888888889, "percent_covered_display": "89", "missing_lines": 1, "excluded_lines": 0}, "missing_lines": [13], "excluded_lines": []}, "rpm_service/serializers/DeviceProvider.py": {"executed_lines": [2, 3, 5, 6, 7, 8], "summary": {"covered_lines": 6, "num_statements": 6, "percent_covered": 100.0, "percent_covered_display": "100", "missing_lines": 0, "excluded_lines": 0}, "missing_lines": [], "excluded_lines": []}, "rpm_service/serializers/DeviceVital.py": {"executed_lines": [2, 3, 5, 6, 8, 9, 10, 12], "summary": {"covered_lines": 8, "num_statements": 9, "percent_covered": 88.88888888888889, "percent_covered_display": "89", "missing_lines": 1, "excluded_lines": 0}, "missing_lines": [13], "excluded_lines": []}, "rpm_service/serializers/DiseaseDevice.py": {"executed_lines": [2, 3, 5, 6, 7, 10, 11, 12, 14, 17], "summary": {"covered_lines": 10, "num_statements": 12, "percent_covered": 83.33333333333333, "percent_covered_display": "83", "missing_lines": 2, "excluded_lines": 0}, "missing_lines": [15, 18], "excluded_lines": []}, "rpm_service/serializers/Vital.py": {"executed_lines": [2, 3, 5, 6, 7, 8], "summary": {"covered_lines": 6, "num_statements": 6, "percent_covered": 100.0, "percent_covered_display": "100", "missing_lines": 0, "excluded_lines": 0}, "missing_lines": [], "excluded_lines": []}, "rpm_service/serializers/__init__.py": {"executed_lines": [1, 2, 3, 4, 5, 6, 7, 8, 9], "summary": {"covered_lines": 9, "num_statements": 9, "percent_covered": 100.0, "percent_covered_display": "100", "missing_lines": 0, "excluded_lines": 0}, "missing_lines": [], "excluded_lines": []}, "rpm_service/tests/alert_type/test_alert_type.py": {"executed_lines": [1, 2, 6, 7, 8, 9, 10, 12], "summary": {"covered_lines": 8, "num_statements": 8, "percent_covered": 100.0, "percent_covered_display": "100", "missing_lines": 0, "excluded_lines": 0}, "missing_lines": [], "excluded_lines": []}, "rpm_service/urls.py": {"executed_lines": [1, 2, 5], "summary": {"covered_lines": 3, "num_statements": 3, "percent_covered": 100.0, "percent_covered_display": "100", "missing_lines": 0, "excluded_lines": 0}, "missing_lines": [], "excluded_lines": []}, "rpm_service/views/AlertType.py": {"executed_lines": [1, 2, 4, 6, 7, 8, 12, 13, 14, 15, 16, 17, 18, 19, 20, 23], "summary": {"covered_lines": 15, "num_statements": 16, "percent_covered": 93.75, "percent_covered_display": "94", "missing_lines": 1, "excluded_lines": 0}, "missing_lines": [24], "excluded_lines": []}, "rpm_service/views/ConnectivityType.py": {"executed_lines": [1, 2, 4, 6, 7, 8, 11, 12, 13, 14, 15, 16, 17], "summary": {"covered_lines": 13, "num_statements": 13, "percent_covered": 100.0, "percent_covered_display": "100", "missing_lines": 0, "excluded_lines": 0}, "missing_lines": [], "excluded_lines": []}, "rpm_service/views/Device.py": {"executed_lines": [1, 2, 3, 4, 5, 6, 7, 9, 10, 11, 12, 13, 14, 15, 17, 20], "summary": {"covered_lines": 16, "num_statements": 21, "percent_covered": 76.19047619047619, "percent_covered_display": "76", "missing_lines": 5, "excluded_lines": 0}, "missing_lines": [18, 21, 22, 23, 24], "excluded_lines": []}, "rpm_service/views/DeviceAssignment.py": {"executed_lines": [1, 2, 4, 6, 7, 8, 11, 12, 13, 14, 15, 16, 17], "summary": {"covered_lines": 13, "num_statements": 13, "percent_covered": 100.0, "percent_covered_display": "100", "missing_lines": 0, "excluded_lines": 0}, "missing_lines": [], "excluded_lines": []}, "rpm_service/views/DeviceImei.py": {"executed_lines": [1, 2, 4, 6, 7, 8, 11, 12, 13, 14, 15, 16, 17, 20, 21, 22, 23, 24, 25, 26], "summary": {"covered_lines": 20, "num_statements": 20, "percent_covered": 100.0, "percent_covered_display": "100", "missing_lines": 0, "excluded_lines": 0}, "missing_lines": [], "excluded_lines": []}, "rpm_service/views/DeviceProvider.py": {"executed_lines": [1, 2, 4, 6, 7, 8, 11, 12, 13, 14, 15, 16, 17], "summary": {"covered_lines": 13, "num_statements": 13, "percent_covered": 100.0, "percent_covered_display": "100", "missing_lines": 0, "excluded_lines": 0}, "missing_lines": [], "excluded_lines": []}, "rpm_service/views/DeviceVital.py": {"executed_lines": [1, 2, 4, 6, 7, 8, 11, 12, 13, 14, 15, 16, 17], "summary": {"covered_lines": 13, "num_statements": 13, "percent_covered": 100.0, "percent_covered_display": "100", "missing_lines": 0, "excluded_lines": 0}, "missing_lines": [], "excluded_lines": []}, "rpm_service/views/DiseaseDevice.py": {"executed_lines": [1, 2, 4, 6, 7, 8, 11, 12, 13, 14, 15, 16, 17], "summary": {"covered_lines": 13, "num_statements": 13, "percent_covered": 100.0, "percent_covered_display": "100", "missing_lines": 0, "excluded_lines": 0}, "missing_lines": [], "excluded_lines": []}, "rpm_service/views/Vital.py": {"executed_lines": [1, 2, 4, 6, 7, 8, 11, 12, 13, 14, 15, 16, 17], "summary": {"covered_lines": 13, "num_statements": 13, "percent_covered": 100.0, "percent_covered_display": "100", "missing_lines": 0, "excluded_lines": 0}, "missing_lines": [], "excluded_lines": []}, "rpm_service/views/__init__.py": {"executed_lines": [1, 2, 3, 4, 5, 6, 7, 8, 9], "summary": {"covered_lines": 9, "num_statements": 9, "percent_covered": 100.0, "percent_covered_display": "100", "missing_lines": 0, "excluded_lines": 0}, "missing_lines": [], "excluded_lines": []}, "test_report/__init__.py": {"executed_lines": [0], "summary": {"covered_lines": 0, "num_statements": 0, "percent_covered": 100.0, "percent_covered_display": "100", "missing_lines": 0, "excluded_lines": 0}, "missing_lines": [], "excluded_lines": []}, "test_report/apps.py": {"executed_lines": [1, 4, 5, 6], "summary": {"covered_lines": 4, "num_statements": 4, "percent_covered": 100.0, "percent_covered_display": "100", "missing_lines": 0, "excluded_lines": 0}, "missing_lines": [], "excluded_lines": []}, "test_report/tests/test_report_app.py": {"executed_lines": [1, 2, 10, 11, 12, 13, 16, 17, 19, 20, 22, 23, 25, 26, 27, 29, 30, 33, 35, 36], "summary": {"covered_lines": 20, "num_statements": 21, "percent_covered": 95.23809523809524, "percent_covered_display": "95", "missing_lines": 1, "excluded_lines": 0}, "missing_lines": [14], "excluded_lines": []}, "test_report/urls.py": {"executed_lines": [1, 2, 4, 6], "summary": {"covered_lines": 4, "num_statements": 4, "percent_covered": 100.0, "percent_covered_display": "100", "missing_lines": 0, "excluded_lines": 0}, "missing_lines": [], "excluded_lines": []}, "test_report/utils.py": {"executed_lines": [1, 2, 3, 6, 9, 10, 11, 12, 13, 14, 15, 19, 22, 23, 24, 27, 28, 29, 30, 31, 33, 34, 36, 37, 39, 48, 51, 52, 53, 54, 55, 56, 57, 58], "summary": {"covered_lines": 34, "num_statements": 36, "percent_covered": 94.44444444444444, "percent_covered_display": "94", "missing_lines": 2, "excluded_lines": 0}, "missing_lines": [16, 17], "excluded_lines": []}, "test_report/views.py": {"executed_lines": [1, 2, 3, 6, 7], "summary": {"covered_lines": 5, "num_statements": 9, "percent_covered": 55.55555555555556, "percent_covered_display": "56", "missing_lines": 4, "excluded_lines": 0}, "missing_lines": [8, 9, 10, 16], "excluded_lines": []}}, "totals": {"covered_lines": 1532, "num_statements": 1781, "percent_covered": 86.01909039865244, "percent_covered_display": "86", "missing_lines": 249, "excluded_lines": 0}}